<?xml version="1.0" encoding="UTF-8"?>
<!-- Generated by org.testng.reporters.JUnitXMLReporter -->
<testsuite hostname="DESKTOP-EKFS61C" name="Default test" tests="1" failures="0" timestamp="14 May 2017 10:20:36 GMT" time="58.318" errors="0">
  <testcase name="@BeforeClass beforeClass" time="0.0" classname="Testscripts.TC002_Testlogin">
    <failure type="org.openqa.selenium.WebDriverException" message="Failed to connect to binary FirefoxBinary(C:\Program Files (x86)\Mozilla Firefox\firefox.exe) on port 7055; process output follows: 
&amp;quot;userDisabled&amp;quot;:false,&amp;quot;appDisabled&amp;quot;:false,&amp;quot;descriptor&amp;quot;:&amp;quot;C:\\Program Files (x86)\\Mozilla Firefox\\browser\\extensions\\{972ce4c6-7e08-4474-a285-3208198ce6fd}.xpi&amp;quot;,&amp;quot;installDate&amp;quot;:1494754158559,&amp;quot;updateDate&amp;quot;:1494754158559,&amp;quot;applyBackgroundUpdates&amp;quot;:1,&amp;quot;skinnable&amp;quot;:true,&amp;quot;size&amp;quot;:8207,&amp;quot;sourceURI&amp;quot;:null,&amp;quot;releaseNotesURI&amp;quot;:null,&amp;quot;softDisabled&amp;quot;:false,&amp;quot;foreignInstall&amp;quot;:false,&amp;quot;hasBinaryComponents&amp;quot;:false,&amp;quot;strictCompatibility&amp;quot;:true,&amp;quot;locales&amp;quot;:[],&amp;quot;targetApplications&amp;quot;:[{&amp;quot;id&amp;quot;:&amp;quot;{ec8030f7-c20a-464f-9b0e-13a3a9e97384}&amp;quot;,&amp;quot;minVersion&amp;quot;:&amp;quot;53.0.2&amp;quot;,&amp;quot;maxVersion&amp;quot;:&amp;quot;53.0.2&amp;quot;}],&amp;quot;targetPlatforms&amp;quot;:[],&amp;quot;seen&amp;quot;:true,&amp;quot;dependencies&amp;quot;:[],&amp;quot;hasEmbeddedWebExtension&amp;quot;:false,&amp;quot;userPermissions&amp;quot;:null}
1494757208844	addons.xpi	DEBUG	getModTime: Recursive scan of {972ce4c6-7e08-4474-a285-3208198ce6fd}
1494757208845	DeferredSave.extensions.json	DEBUG	Save changes
1494757208846	addons.xpi	DEBUG	Updating database with changes to installed add-ons
1494757208846	addons.xpi-utils	DEBUG	Updating add-on states
1494757208847	addons.xpi-utils	DEBUG	Writing add-ons list
1494757208852	addons.xpi	DEBUG	Registering manifest for C:\Program Files (x86)\Mozilla Firefox\browser\features\aushelper@mozilla.org.xpi
1494757208853	addons.xpi	DEBUG	Calling bootstrap method startup on aushelper@mozilla.org version 2.0
1494757208855	addons.xpi	DEBUG	Registering manifest for C:\Program Files (x86)\Mozilla Firefox\browser\features\e10srollout@mozilla.org.xpi
1494757208856	addons.xpi	DEBUG	Calling bootstrap method startup on e10srollout@mozilla.org version 1.14
1494757208856	addons.xpi	DEBUG	Registering manifest for C:\Program Files (x86)\Mozilla Firefox\browser\features\firefox@getpocket.com.xpi
1494757208858	addons.xpi	DEBUG	Calling bootstrap method startup on firefox@getpocket.com version 1.0.5
1494757208859	addons.xpi	DEBUG	Registering manifest for C:\Program Files (x86)\Mozilla Firefox\browser\features\webcompat@mozilla.org.xpi
1494757208965	addons.xpi	DEBUG	Calling bootstrap method startup on webcompat@mozilla.org version 1.0
1494757208969	addons.manager	DEBUG	Registering shutdown blocker for XPIProvider
1494757208969	addons.manager	DEBUG	Provider finished startup: XPIProvider
1494757208969	addons.manager	DEBUG	Starting provider: LightweightThemeManager
1494757208969	addons.manager	DEBUG	Registering shutdown blocker for LightweightThemeManager
1494757208970	addons.manager	DEBUG	Provider finished startup: LightweightThemeManager
1494757208970	addons.manager	DEBUG	Starting provider: GMPProvider
1494757209051	addons.manager	DEBUG	Registering shutdown blocker for GMPProvider
1494757209065	addons.manager	DEBUG	Provider finished startup: GMPProvider
1494757209065	addons.manager	DEBUG	Starting provider: PluginProvider
1494757209065	addons.manager	DEBUG	Registering shutdown blocker for PluginProvider
1494757209065	addons.manager	DEBUG	Provider finished startup: PluginProvider
1494757209066	addons.manager	DEBUG	Completed startup sequence
1494757217612	addons.manager	DEBUG	Starting provider: &amp;lt;unnamed-provider&amp;gt;
1494757217612	addons.manager	DEBUG	Registering shutdown blocker for &amp;lt;unnamed-provider&amp;gt;
1494757217613	addons.manager	DEBUG	Provider finished startup: &amp;lt;unnamed-provider&amp;gt;
1494757222905	DeferredSave.extensions.json	DEBUG	Write succeeded
1494757222905	addons.xpi-utils	DEBUG	XPI Database saved, setting schema version preference to 19
1494757222906	DeferredSave.extensions.json	DEBUG	Starting timer
1494757222925	addons.repository	DEBUG	No addons.json found.
1494757222937	DeferredSave.addons.json	DEBUG	Save changes
1494757222964	DeferredSave.addons.json	DEBUG	Starting timer
1494757225692	addons.manager	DEBUG	Starting provider: PreviousExperimentProvider
1494757225692	addons.manager	DEBUG	Registering shutdown blocker for PreviousExperimentProvider
1494757225692	addons.manager	DEBUG	Provider finished startup: PreviousExperimentProvider
1494757225697	DeferredSave.extensions.json	DEBUG	Starting write
1494757225701	DeferredSave.addons.json	DEBUG	Starting write
1494757226133	DeferredSave.extensions.json	DEBUG	Write succeeded
1494757226229	DeferredSave.addons.json	DEBUG	Write succeeded

Build info: version: &amp;apos;2.53.1&amp;apos;, revision: &amp;apos;a36b8b1&amp;apos;, time: &amp;apos;2016-06-30 17:37:03&amp;apos;
System info: host: &amp;apos;DESKTOP-EKFS61C&amp;apos;, ip: &amp;apos;192.168.0.104&amp;apos;, os.name: &amp;apos;Windows 8.1&amp;apos;, os.arch: &amp;apos;amd64&amp;apos;, os.version: &amp;apos;6.3&amp;apos;, java.version: &amp;apos;1.7.0_79&amp;apos;
Driver info: driver.version: FirefoxDriver">
      <![CDATA[org.openqa.selenium.WebDriverException: Failed to connect to binary FirefoxBinary(C:\Program Files (x86)\Mozilla Firefox\firefox.exe) on port 7055; process output follows: 
"userDisabled":false,"appDisabled":false,"descriptor":"C:\\Program Files (x86)\\Mozilla Firefox\\browser\\extensions\\{972ce4c6-7e08-4474-a285-3208198ce6fd}.xpi","installDate":1494754158559,"updateDate":1494754158559,"applyBackgroundUpdates":1,"skinnable":true,"size":8207,"sourceURI":null,"releaseNotesURI":null,"softDisabled":false,"foreignInstall":false,"hasBinaryComponents":false,"strictCompatibility":true,"locales":[],"targetApplications":[{"id":"{ec8030f7-c20a-464f-9b0e-13a3a9e97384}","minVersion":"53.0.2","maxVersion":"53.0.2"}],"targetPlatforms":[],"seen":true,"dependencies":[],"hasEmbeddedWebExtension":false,"userPermissions":null}
1494757208844	addons.xpi	DEBUG	getModTime: Recursive scan of {972ce4c6-7e08-4474-a285-3208198ce6fd}
1494757208845	DeferredSave.extensions.json	DEBUG	Save changes
1494757208846	addons.xpi	DEBUG	Updating database with changes to installed add-ons
1494757208846	addons.xpi-utils	DEBUG	Updating add-on states
1494757208847	addons.xpi-utils	DEBUG	Writing add-ons list
1494757208852	addons.xpi	DEBUG	Registering manifest for C:\Program Files (x86)\Mozilla Firefox\browser\features\aushelper@mozilla.org.xpi
1494757208853	addons.xpi	DEBUG	Calling bootstrap method startup on aushelper@mozilla.org version 2.0
1494757208855	addons.xpi	DEBUG	Registering manifest for C:\Program Files (x86)\Mozilla Firefox\browser\features\e10srollout@mozilla.org.xpi
1494757208856	addons.xpi	DEBUG	Calling bootstrap method startup on e10srollout@mozilla.org version 1.14
1494757208856	addons.xpi	DEBUG	Registering manifest for C:\Program Files (x86)\Mozilla Firefox\browser\features\firefox@getpocket.com.xpi
1494757208858	addons.xpi	DEBUG	Calling bootstrap method startup on firefox@getpocket.com version 1.0.5
1494757208859	addons.xpi	DEBUG	Registering manifest for C:\Program Files (x86)\Mozilla Firefox\browser\features\webcompat@mozilla.org.xpi
1494757208965	addons.xpi	DEBUG	Calling bootstrap method startup on webcompat@mozilla.org version 1.0
1494757208969	addons.manager	DEBUG	Registering shutdown blocker for XPIProvider
1494757208969	addons.manager	DEBUG	Provider finished startup: XPIProvider
1494757208969	addons.manager	DEBUG	Starting provider: LightweightThemeManager
1494757208969	addons.manager	DEBUG	Registering shutdown blocker for LightweightThemeManager
1494757208970	addons.manager	DEBUG	Provider finished startup: LightweightThemeManager
1494757208970	addons.manager	DEBUG	Starting provider: GMPProvider
1494757209051	addons.manager	DEBUG	Registering shutdown blocker for GMPProvider
1494757209065	addons.manager	DEBUG	Provider finished startup: GMPProvider
1494757209065	addons.manager	DEBUG	Starting provider: PluginProvider
1494757209065	addons.manager	DEBUG	Registering shutdown blocker for PluginProvider
1494757209065	addons.manager	DEBUG	Provider finished startup: PluginProvider
1494757209066	addons.manager	DEBUG	Completed startup sequence
1494757217612	addons.manager	DEBUG	Starting provider: <unnamed-provider>
1494757217612	addons.manager	DEBUG	Registering shutdown blocker for <unnamed-provider>
1494757217613	addons.manager	DEBUG	Provider finished startup: <unnamed-provider>
1494757222905	DeferredSave.extensions.json	DEBUG	Write succeeded
1494757222905	addons.xpi-utils	DEBUG	XPI Database saved, setting schema version preference to 19
1494757222906	DeferredSave.extensions.json	DEBUG	Starting timer
1494757222925	addons.repository	DEBUG	No addons.json found.
1494757222937	DeferredSave.addons.json	DEBUG	Save changes
1494757222964	DeferredSave.addons.json	DEBUG	Starting timer
1494757225692	addons.manager	DEBUG	Starting provider: PreviousExperimentProvider
1494757225692	addons.manager	DEBUG	Registering shutdown blocker for PreviousExperimentProvider
1494757225692	addons.manager	DEBUG	Provider finished startup: PreviousExperimentProvider
1494757225697	DeferredSave.extensions.json	DEBUG	Starting write
1494757225701	DeferredSave.addons.json	DEBUG	Starting write
1494757226133	DeferredSave.extensions.json	DEBUG	Write succeeded
1494757226229	DeferredSave.addons.json	DEBUG	Write succeeded

Build info: version: '2.53.1', revision: 'a36b8b1', time: '2016-06-30 17:37:03'
System info: host: 'DESKTOP-EKFS61C', ip: '192.168.0.104', os.name: 'Windows 8.1', os.arch: 'amd64', os.version: '6.3', java.version: '1.7.0_79'
Driver info: driver.version: FirefoxDriver
	at org.openqa.selenium.firefox.internal.NewProfileExtensionConnection.start(NewProfileExtensionConnection.java:124)
	at org.openqa.selenium.firefox.FirefoxDriver.startClient(FirefoxDriver.java:271)
	at org.openqa.selenium.remote.RemoteWebDriver.<init>(RemoteWebDriver.java:119)
	at org.openqa.selenium.firefox.FirefoxDriver.<init>(FirefoxDriver.java:218)
	at org.openqa.selenium.firefox.FirefoxDriver.<init>(FirefoxDriver.java:211)
	at org.openqa.selenium.firefox.FirefoxDriver.<init>(FirefoxDriver.java:207)
	at org.openqa.selenium.firefox.FirefoxDriver.<init>(FirefoxDriver.java:120)
	at Testbase.Testbase.selectbrowser(Testbase.java:61)
	at Testbase.Testbase.init(Testbase.java:50)
	at Testscripts.TC002_Testlogin.beforeClass(TC002_Testlogin.java:31)
	at sun.reflect.NativeMethodAccessorImpl.invoke0(Native Method)
	at sun.reflect.NativeMethodAccessorImpl.invoke(Unknown Source)
	at sun.reflect.DelegatingMethodAccessorImpl.invoke(Unknown Source)
	at java.lang.reflect.Method.invoke(Unknown Source)
	at org.testng.internal.MethodInvocationHelper.invokeMethod(MethodInvocationHelper.java:85)
	at org.testng.internal.Invoker.invokeConfigurationMethod(Invoker.java:510)
	at org.testng.internal.Invoker.invokeConfigurations(Invoker.java:211)
	at org.testng.internal.Invoker.invokeConfigurations(Invoker.java:138)
	at org.testng.internal.TestMethodWorker.invokeBeforeClassMethods(TestMethodWorker.java:170)
	at org.testng.internal.TestMethodWorker.run(TestMethodWorker.java:104)
	at org.testng.TestRunner.privateRun(TestRunner.java:774)
	at org.testng.TestRunner.run(TestRunner.java:624)
	at org.testng.SuiteRunner.runTest(SuiteRunner.java:359)
	at org.testng.SuiteRunner.runSequentially(SuiteRunner.java:354)
	at org.testng.SuiteRunner.privateRun(SuiteRunner.java:312)
	at org.testng.SuiteRunner.run(SuiteRunner.java:261)
	at org.testng.SuiteRunnerWorker.runSuite(SuiteRunnerWorker.java:52)
	at org.testng.SuiteRunnerWorker.run(SuiteRunnerWorker.java:86)
	at org.testng.TestNG.runSuitesSequentially(TestNG.java:1215)
	at org.testng.TestNG.runSuitesLocally(TestNG.java:1140)
	at org.testng.TestNG.run(TestNG.java:1048)
	at org.testng.remote.AbstractRemoteTestNG.run(AbstractRemoteTestNG.java:132)
	at org.testng.remote.RemoteTestNG.initAndRun(RemoteTestNG.java:230)
	at org.testng.remote.RemoteTestNG.main(RemoteTestNG.java:76)
Caused by: org.openqa.selenium.firefox.NotConnectedException: Unable to connect to host 127.0.0.1 on port 7055 after 45000 ms. Firefox console output:
"userDisabled":false,"appDisabled":false,"descriptor":"C:\\Program Files (x86)\\Mozilla Firefox\\browser\\extensions\\{972ce4c6-7e08-4474-a285-3208198ce6fd}.xpi","installDate":1494754158559,"updateDate":1494754158559,"applyBackgroundUpdates":1,"skinnable":true,"size":8207,"sourceURI":null,"releaseNotesURI":null,"softDisabled":false,"foreignInstall":false,"hasBinaryComponents":false,"strictCompatibility":true,"locales":[],"targetApplications":[{"id":"{ec8030f7-c20a-464f-9b0e-13a3a9e97384}","minVersion":"53.0.2","maxVersion":"53.0.2"}],"targetPlatforms":[],"seen":true,"dependencies":[],"hasEmbeddedWebExtension":false,"userPermissions":null}
1494757208844	addons.xpi	DEBUG	getModTime: Recursive scan of {972ce4c6-7e08-4474-a285-3208198ce6fd}
1494757208845	DeferredSave.extensions.json	DEBUG	Save changes
1494757208846	addons.xpi	DEBUG	Updating database with changes to installed add-ons
1494757208846	addons.xpi-utils	DEBUG	Updating add-on states
1494757208847	addons.xpi-utils	DEBUG	Writing add-ons list
1494757208852	addons.xpi	DEBUG	Registering manifest for C:\Program Files (x86)\Mozilla Firefox\browser\features\aushelper@mozilla.org.xpi
1494757208853	addons.xpi	DEBUG	Calling bootstrap method startup on aushelper@mozilla.org version 2.0
1494757208855	addons.xpi	DEBUG	Registering manifest for C:\Program Files (x86)\Mozilla Firefox\browser\features\e10srollout@mozilla.org.xpi
1494757208856	addons.xpi	DEBUG	Calling bootstrap method startup on e10srollout@mozilla.org version 1.14
1494757208856	addons.xpi	DEBUG	Registering manifest for C:\Program Files (x86)\Mozilla Firefox\browser\features\firefox@getpocket.com.xpi
1494757208858	addons.xpi	DEBUG	Calling bootstrap method startup on firefox@getpocket.com version 1.0.5
1494757208859	addons.xpi	DEBUG	Registering manifest for C:\Program Files (x86)\Mozilla Firefox\browser\features\webcompat@mozilla.org.xpi
1494757208965	addons.xpi	DEBUG	Calling bootstrap method startup on webcompat@mozilla.org version 1.0
1494757208969	addons.manager	DEBUG	Registering shutdown blocker for XPIProvider
1494757208969	addons.manager	DEBUG	Provider finished startup: XPIProvider
1494757208969	addons.manager	DEBUG	Starting provider: LightweightThemeManager
1494757208969	addons.manager	DEBUG	Registering shutdown blocker for LightweightThemeManager
1494757208970	addons.manager	DEBUG	Provider finished startup: LightweightThemeManager
1494757208970	addons.manager	DEBUG	Starting provider: GMPProvider
1494757209051	addons.manager	DEBUG	Registering shutdown blocker for GMPProvider
1494757209065	addons.manager	DEBUG	Provider finished startup: GMPProvider
1494757209065	addons.manager	DEBUG	Starting provider: PluginProvider
1494757209065	addons.manager	DEBUG	Registering shutdown blocker for PluginProvider
1494757209065	addons.manager	DEBUG	Provider finished startup: PluginProvider
1494757209066	addons.manager	DEBUG	Completed startup sequence
1494757217612	addons.manager	DEBUG	Starting provider: <unnamed-provider>
1494757217612	addons.manager	DEBUG	Registering shutdown blocker for <unnamed-provider>
1494757217613	addons.manager	DEBUG	Provider finished startup: <unnamed-provider>
1494757222905	DeferredSave.extensions.json	DEBUG	Write succeeded
1494757222905	addons.xpi-utils	DEBUG	XPI Database saved, setting schema version preference to 19
1494757222906	DeferredSave.extensions.json	DEBUG	Starting timer
1494757222925	addons.repository	DEBUG	No addons.json found.
1494757222937	DeferredSave.addons.json	DEBUG	Save changes
1494757222964	DeferredSave.addons.json	DEBUG	Starting timer
1494757225692	addons.manager	DEBUG	Starting provider: PreviousExperimentProvider
1494757225692	addons.manager	DEBUG	Registering shutdown blocker for PreviousExperimentProvider
1494757225692	addons.manager	DEBUG	Provider finished startup: PreviousExperimentProvider
1494757225697	DeferredSave.extensions.json	DEBUG	Starting write
1494757225701	DeferredSave.addons.json	DEBUG	Starting write
1494757226133	DeferredSave.extensions.json	DEBUG	Write succeeded
1494757226229	DeferredSave.addons.json	DEBUG	Write succeeded

	at org.openqa.selenium.firefox.internal.NewProfileExtensionConnection.start(NewProfileExtensionConnection.java:112)
	... 33 more
]]>
    </failure>
  </testcase> <!-- @BeforeClass beforeClass -->
  <testcase name="@AfterClass afterClass" time="0.0" classname="Testscripts.TC002_Testlogin">
    <skipped/>
  </testcase> <!-- @AfterClass afterClass -->
  <testcase name="testlogin" time="0.004" classname="Testscripts.TC002_Testlogin">
    <skipped/>
  </testcase> <!-- testlogin -->
</testsuite> <!-- Default test -->
