<?xml version="1.0" encoding="UTF-8"?>
<testng-results skipped="0" failed="0" total="1" passed="1">
  <reporter-output>
  </reporter-output>
  <suite name="Default suite" duration-ms="71344" started-at="2017-05-13T16:41:37Z" finished-at="2017-05-13T16:42:48Z">
    <groups>
    </groups>
    <test name="Default test" duration-ms="71344" started-at="2017-05-13T16:41:37Z" finished-at="2017-05-13T16:42:48Z">
      <class name="Testscripts.TC002_Testlogin">
        <test-method status="PASS" signature="beforeClass()[pri:0, instance:Testscripts.TC002_Testlogin@252119]" name="beforeClass" is-config="true" duration-ms="45361" started-at="2017-05-13T22:11:37Z" finished-at="2017-05-13T22:12:22Z">
          <reporter-output>
          </reporter-output>
        </test-method> <!-- beforeClass -->
        <test-method status="PASS" signature="testlogin()[pri:0, instance:Testscripts.TC002_Testlogin@252119]" name="testlogin" duration-ms="25961" started-at="2017-05-13T22:12:22Z" finished-at="2017-05-13T22:12:48Z">
          <reporter-output>
          </reporter-output>
        </test-method> <!-- testlogin -->
        <test-method status="PASS" signature="afterClass()[pri:0, instance:Testscripts.TC002_Testlogin@252119]" name="afterClass" is-config="true" duration-ms="0" started-at="2017-05-13T22:12:48Z" finished-at="2017-05-13T22:12:48Z">
          <reporter-output>
          </reporter-output>
        </test-method> <!-- afterClass -->
      </class> <!-- Testscripts.TC002_Testlogin -->
    </test> <!-- Default test -->
  </suite> <!-- Default suite -->
</testng-results>
